127.0.0.1 - - [27/Aug/2025 21:39:20] "GET /api/status HTTP/1.1" 200 -
127.0.0.1 - - [27/Aug/2025 21:39:23] "GET /logs/stream HTTP/1.1" 200 -
127.0.0.1 - - [27/Aug/2025 21:43:50] "GET /api/status HTTP/1.1" 200 -
127.0.0.1 - - [27/Aug/2025 21:43:50] "GET /api/health HTTP/1.1" 200 -
127.0.0.1 - - [27/Aug/2025 21:43:50] "GET /api/status HTTP/1.1" 200 -
2025-08-27 21:43:50,340 - __main__ - ERROR - System status error: [Errno 32] Broken pipe
127.0.0.1 - - [27/Aug/2025 21:43:50] code 500, message [Errno 32] Broken pipe
127.0.0.1 - - [27/Aug/2025 21:43:50] "GET /api/status HTTP/1.1" 500 -
----------------------------------------
Exception occurred during processing of request from ('127.0.0.1', 56021)
Traceback (most recent call last):
  File "/Users/dev/Documents/GitHub/ATLAS/frontend/atlas_minimal_live.py", line 514, in serve_system_status
    self.wfile.write(response)
  File "/opt/homebrew/Cellar/python@3.11/3.11.13/Frameworks/Python.framework/Versions/3.11/lib/python3.11/socketserver.py", line 834, in write
    self._sock.sendall(b)
BrokenPipeError: [Errno 32] Broken pipe

During handling of the above exception, another exception occurred:

Traceback (most recent call last):
  File "/opt/homebrew/Cellar/python@3.11/3.11.13/Frameworks/Python.framework/Versions/3.11/lib/python3.11/socketserver.py", line 317, in _handle_request_noblock
    self.process_request(request, client_address)
  File "/opt/homebrew/Cellar/python@3.11/3.11.13/Frameworks/Python.framework/Versions/3.11/lib/python3.11/socketserver.py", line 348, in process_request
    self.finish_request(request, client_address)
  File "/opt/homebrew/Cellar/python@3.11/3.11.13/Frameworks/Python.framework/Versions/3.11/lib/python3.11/socketserver.py", line 361, in finish_request
    self.RequestHandlerClass(request, client_address, self)
  File "/Users/dev/Documents/GitHub/ATLAS/frontend/atlas_minimal_live.py", line 304, in __init__
    super().__init__(*args, **kwargs)
  File "/opt/homebrew/Cellar/python@3.11/3.11.13/Frameworks/Python.framework/Versions/3.11/lib/python3.11/http/server.py", line 671, in __init__
    super().__init__(*args, **kwargs)
  File "/opt/homebrew/Cellar/python@3.11/3.11.13/Frameworks/Python.framework/Versions/3.11/lib/python3.11/socketserver.py", line 755, in __init__
    self.handle()
  File "/opt/homebrew/Cellar/python@3.11/3.11.13/Frameworks/Python.framework/Versions/3.11/lib/python3.11/http/server.py", line 436, in handle
    self.handle_one_request()
  File "/opt/homebrew/Cellar/python@3.11/3.11.13/Frameworks/Python.framework/Versions/3.11/lib/python3.11/http/server.py", line 424, in handle_one_request
    method()
  File "/Users/dev/Documents/GitHub/ATLAS/frontend/atlas_minimal_live.py", line 343, in do_GET
    self.serve_system_status()
  File "/Users/dev/Documents/GitHub/ATLAS/frontend/atlas_minimal_live.py", line 517, in serve_system_status
    self.send_error(500, str(e))
  File "/opt/homebrew/Cellar/python@3.11/3.11.13/Frameworks/Python.framework/Versions/3.11/lib/python3.11/http/server.py", line 488, in send_error
    self.end_headers()
  File "/Users/dev/Documents/GitHub/ATLAS/frontend/atlas_minimal_live.py", line 315, in end_headers
    super().end_headers()
  File "/opt/homebrew/Cellar/python@3.11/3.11.13/Frameworks/Python.framework/Versions/3.11/lib/python3.11/http/server.py", line 538, in end_headers
    self.flush_headers()
  File "/opt/homebrew/Cellar/python@3.11/3.11.13/Frameworks/Python.framework/Versions/3.11/lib/python3.11/http/server.py", line 542, in flush_headers
    self.wfile.write(b"".join(self._headers_buffer))
  File "/opt/homebrew/Cellar/python@3.11/3.11.13/Frameworks/Python.framework/Versions/3.11/lib/python3.11/socketserver.py", line 834, in write
    self._sock.sendall(b)
BrokenPipeError: [Errno 32] Broken pipe
----------------------------------------
127.0.0.1 - - [27/Aug/2025 21:43:50] "GET /api/status HTTP/1.1" 200 -
127.0.0.1 - - [27/Aug/2025 21:43:50] "GET /api/status HTTP/1.1" 200 -
127.0.0.1 - - [27/Aug/2025 21:43:50] "GET / HTTP/1.1" 200 -
127.0.0.1 - - [27/Aug/2025 21:43:50] "GET /api/status HTTP/1.1" 200 -
127.0.0.1 - - [27/Aug/2025 21:43:50] "GET /DamagedHelmet.glb HTTP/1.1" 200 -
127.0.0.1 - - [27/Aug/2025 21:43:50] "GET /logs/stream HTTP/1.1" 200 -
